Arguments: 
  D:\Apocalyps\nodejs\node.exe D:\Apocalyps\nodejs\node_global\node_modules\yarn\bin\yarn.js install

PATH: 
  D:\scoopApps\shims;C:\Program Files (x86)\Common Files\Oracle\Java\javapath;C:\Python27\;C:\Python27\Scripts;C:\ProgramData\Oracle\Java\javapath;D:\Apocalyps\RailsInstaller\Ruby2.1.0\bin;C:\Windows\system32;C:\Windows;C:\Windows\System32\Wbem;C:\Windows\System32\WindowsPowerShell\v1.0\;D:\Apocalyps\RailsInstaller\Git\cmd;D:\Apocalyps\nodejs\;D:\Apocalyps\VM\Vagrant\bin;C:\ProgramData\chocolatey\bin;C:\Program Files\Java\jdk1.8.0_172\bin;C:\Users\wuxingtao\AppData\Local\Android\Sdk\platform-tools;;D:\Work Soft\Microsoft VS Code\bin;C:\Users\wuxingtao\AppData\Local\Yarn\Data\global\node_modules\.bin;C:\Program Files\PuTTY\;D:\Work Soft\hugo_0.54.0_Windows-64bit;D:\Apocalyps\VM\VirtualBox\;E:\Calibre2\;C:\Windows\System32\WindowsPowerShell\v1.0\;D:\scoopApps\apps\cmder\1.3.11;C:\Users\wuxingtao\scoop\shims;C:\Users\wuxingtao\AppData\Roaming\npm;D:\Apocalyps\nodejs\node_global\;D:\Apocalyps\nodejs\node_global;E:\软件库\Fiddler;D:\Work Soft\WebStorm 2019.1\bin

Yarn version: 
  1.15.2

Node version: 
  8.10.0

Platform: 
  win32 x64

Trace: 
  Error: EPERM: operation not permitted, lstat 'C:\Users\wuxingtao\AppData\Local\Yarn\Cache\v4\npm-rxjs-6.5.3-510e26317f4db91a7eb1de77d9dd9ba0a4899a3a\node_modules\rxjs\.yarn-tarball.tgz'

npm manifest: 
  {
    "name": "geshop-vue-component",
    "version": "1.8.8",
    "main": "index.js",
    "license": "MIT",
    "scripts": {
      "start": "node server/server.js",
      "dev": "webpack-dev-server",
      "dev:client": "webpack --config config/webpack.client.dev.config.js",
      "build:client": "webpack --config config/webpack.client.prod.config.js",
      "build:server": "webpack --config config/webpack.server.config.js"
    },
    "dependencies": {
      "@xunlei/vue-lazy-component": "^1.1.3",
      "in-view": "^0.6.1",
      "intersection-observer": "^0.7.0",
      "koa": "^2.5.3",
      "koa-bodyparser": "^4.2.1",
      "koa-router": "^7.4.0",
      "koa-static": "^5.0.0",
      "simple-progress-webpack-plugin": "^1.1.2",
      "vue": "^2.5.17",
      "vue-awesome-swiper": "^3.1.3",
      "vue-lazy-component": "^0.1.5",
      "vue-server-renderer": "^2.5.17"
    },
    "devDependencies": {
      "autoprefixer": "^9.1.5",
      "babel-core": "^6.26.3",
      "babel-eslint": "^8.2.3",
      "babel-loader": "^7.1.4",
      "babel-plugin-syntax-dynamic-import": "^6.18.0",
      "babel-plugin-transform-runtime": "^6.1.4",
      "babel-polyfill": "^6.26.0",
      "babel-preset-env": "^1.7.0",
      "babel-preset-es2015": "^6.24.1",
      "babel-preset-stage-2": "^6.24.1",
      "babel-runtime": "^6.1.4",
      "clean-webpack-plugin": "^2.0.1",
      "css-loader": "^1.0.0",
      "eslint": "^5.16.0",
      "eslint-config-standard": "^12.0.0",
      "eslint-loader": "^2.1.2",
      "eslint-plugin-babel": "^5.3.0",
      "eslint-plugin-html": "^5.0.3",
      "eslint-plugin-import": "^2.17.2",
      "eslint-plugin-node": "^9.0.1",
      "eslint-plugin-promise": "^4.1.1",
      "eslint-plugin-standard": "^4.0.0",
      "eslint-plugin-vue": "^5.2.2",
      "extract-text-webpack-plugin": "^4.0.0-beta.0",
      "file-loader": "^2.0.0",
      "html-webpack-plugin": "^3.2.0",
      "koa-log4": "^2.3.2",
      "less": "^3.9.0",
      "less-loader": "^4.1.0",
      "node-sass": "^4.11.0",
      "nodemon": "^1.18.11",
      "postcss": "^7.0.5",
      "postcss-loader": "^3.0.0",
      "style-loader": "^0.23.0",
      "uglify-js": "^3.5.6",
      "url-loader": "^1.1.1",
      "vue-eslint-parser": "^6.0.4",
      "vue-loader": "^15.4.2",
      "vue-style-loader": "^4.1.2",
      "vue-template-compiler": "^2.5.17",
      "vuex": "^3.1.1",
      "webpack": "^4.20.2",
      "webpack-bundle-analyzer": "^3.3.2",
      "webpack-cli": "^3.3.5",
      "webpack-dev-server": "^3.1.9",
      "webpack-glob-entry": "^2.1.1",
      "webpack-merge": "^4.1.4",
      "webpack-node-externals": "^1.7.2",
      "webpack-s3-plugin": "^1.0.3"
    }
  }

yarn manifest: 
  No manifest

Lockfile: 
  No lockfile
